# JRE version: Java(TM) SE Runtime Environment (17.0.12+8) (build 17.0.12+8-LTS-286)
# Java VM: Java HotSpot(TM) 64-Bit Server VM (17.0.12+8-LTS-286, mixed mode, sharing, tiered, compressed oops, compressed class ptrs, g1 gc, windows-amd64)
GC Precious Log:
 CPUs: 8 total, 8 available
 Memory: 16108M
 Large Page Support: Disabled
 NUMA Support: Disabled
 Compressed Oops: Enabled (Zero based)
 Heap Region Size: 2M
 Heap Min Capacity: 8M
 Heap Initial Capacity: 252M
 Heap Max Capacity: 4028M
 Pre-touch: Disabled
 Parallel Workers: 8
 Concurrent Workers: 2
 Concurrent Refinement Workers: 8
 Periodic GC: Disabled
Heap:
 garbage-first heap   total 159744K, used 122889K [0x0000000704400000, 0x0000000800000000)
  region size 2048K, 43 young (88064K), 6 survivors (12288K)
 Metaspace       used 93531K, committed 94464K, reserved 1179648K
  class space    used 11834K, committed 12288K, reserved 1048576K
GC Heap History (20 events):
Event: 10.671 GC heap before
{Heap before GC invocations=25 (full 0):
 garbage-first heap   total 61440K, used 33569K [0x0000000704400000, 0x0000000800000000)
  region size 2048K, 3 young (6144K), 2 survivors (4096K)
 Metaspace       used 76460K, committed 76928K, reserved 1179648K
  class space    used 9847K, committed 10048K, reserved 1048576K
}
Event: 10.676 GC heap after
{Heap after GC invocations=26 (full 0):
 garbage-first heap   total 61440K, used 31472K [0x0000000704400000, 0x0000000800000000)
  region size 2048K, 1 young (2048K), 1 survivors (2048K)
 Metaspace       used 76460K, committed 76928K, reserved 1179648K
  class space    used 9847K, committed 10048K, reserved 1048576K
}
Event: 11.073 GC heap before
{Heap before GC invocations=26 (full 0):
 garbage-first heap   total 61440K, used 49904K [0x0000000704400000, 0x0000000800000000)
  region size 2048K, 10 young (20480K), 1 survivors (2048K)
 Metaspace       used 77565K, committed 78080K, reserved 1179648K
  class space    used 9995K, committed 10240K, reserved 1048576K
}
Event: 11.076 GC heap after
{Heap after GC invocations=27 (full 0):
 garbage-first heap   total 61440K, used 32781K [0x0000000704400000, 0x0000000800000000)
  region size 2048K, 2 young (4096K), 2 survivors (4096K)
 Metaspace       used 77565K, committed 78080K, reserved 1179648K
  class space    used 9995K, committed 10240K, reserved 1048576K
}
Event: 11.484 GC heap before
{Heap before GC invocations=28 (full 0):
 garbage-first heap   total 61440K, used 49165K [0x0000000704400000, 0x0000000800000000)
  region size 2048K, 10 young (20480K), 2 survivors (4096K)
 Metaspace       used 79246K, committed 79808K, reserved 1179648K
  class space    used 10225K, committed 10496K, reserved 1048576K
}
Event: 11.487 GC heap after
{Heap after GC invocations=29 (full 0):
 garbage-first heap   total 61440K, used 34101K [0x0000000704400000, 0x0000000800000000)
  region size 2048K, 2 young (4096K), 2 survivors (4096K)
 Metaspace       used 79246K, committed 79808K, reserved 1179648K
  class space    used 10225K, committed 10496K, reserved 1048576K
}
Event: 12.018 GC heap before
{Heap before GC invocations=29 (full 0):
 garbage-first heap   total 61440K, used 48437K [0x0000000704400000, 0x0000000800000000)
  region size 2048K, 9 young (18432K), 2 survivors (4096K)
 Metaspace       used 81142K, committed 81728K, reserved 1179648K
  class space    used 10435K, committed 10752K, reserved 1048576K
}
Event: 12.023 GC heap after
{Heap after GC invocations=30 (full 0):
 garbage-first heap   total 61440K, used 35015K [0x0000000704400000, 0x0000000800000000)
  region size 2048K, 2 young (4096K), 2 survivors (4096K)
 Metaspace       used 81142K, committed 81728K, reserved 1179648K
  class space    used 10435K, committed 10752K, reserved 1048576K
}
Event: 29.813 GC heap before
{Heap before GC invocations=30 (full 0):
 garbage-first heap   total 61440K, used 47303K [0x0000000704400000, 0x0000000800000000)
  region size 2048K, 9 young (18432K), 2 survivors (4096K)
 Metaspace       used 83454K, committed 84096K, reserved 1179648K
  class space    used 10766K, committed 11072K, reserved 1048576K
}
Event: 29.819 GC heap after
{Heap after GC invocations=31 (full 0):
 garbage-first heap   total 61440K, used 35390K [0x0000000704400000, 0x0000000800000000)
  region size 2048K, 2 young (4096K), 2 survivors (4096K)
 Metaspace       used 83454K, committed 84096K, reserved 1179648K
  class space    used 10766K, committed 11072K, reserved 1048576K
}
Event: 30.222 GC heap before
{Heap before GC invocations=31 (full 0):
 garbage-first heap   total 61440K, used 49726K [0x0000000704400000, 0x0000000800000000)
  region size 2048K, 9 young (18432K), 2 survivors (4096K)
 Metaspace       used 84858K, committed 85440K, reserved 1179648K
  class space    used 10932K, committed 11200K, reserved 1048576K
}
Event: 30.228 GC heap after
{Heap after GC invocations=32 (full 0):
 garbage-first heap   total 61440K, used 38260K [0x0000000704400000, 0x0000000800000000)
  region size 2048K, 2 young (4096K), 2 survivors (4096K)
 Metaspace       used 84858K, committed 85440K, reserved 1179648K
  class space    used 10932K, committed 11200K, reserved 1048576K
}
Event: 30.352 GC heap before
{Heap before GC invocations=32 (full 0):
 garbage-first heap   total 61440K, used 48500K [0x0000000704400000, 0x0000000800000000)
  region size 2048K, 7 young (14336K), 2 survivors (4096K)
 Metaspace       used 84876K, committed 85440K, reserved 1179648K
  class space    used 10932K, committed 11200K, reserved 1048576K
}
Event: 30.359 GC heap after
{Heap after GC invocations=33 (full 0):
 garbage-first heap   total 159744K, used 40513K [0x0000000704400000, 0x0000000800000000)
  region size 2048K, 1 young (2048K), 1 survivors (2048K)
 Metaspace       used 84876K, committed 85440K, reserved 1179648K
  class space    used 10932K, committed 11200K, reserved 1048576K
}
Event: 34.411 GC heap before
{Heap before GC invocations=33 (full 0):
 garbage-first heap   total 159744K, used 118337K [0x0000000704400000, 0x0000000800000000)
  region size 2048K, 39 young (79872K), 1 survivors (2048K)
 Metaspace       used 86048K, committed 86656K, reserved 1179648K
  class space    used 10978K, committed 11264K, reserved 1048576K
}
Event: 34.416 GC heap after
{Heap after GC invocations=34 (full 0):
 garbage-first heap   total 159744K, used 41581K [0x0000000704400000, 0x0000000800000000)
  region size 2048K, 2 young (4096K), 2 survivors (4096K)
 Metaspace       used 86048K, committed 86656K, reserved 1179648K
  class space    used 10978K, committed 11264K, reserved 1048576K
}
Event: 38.118 GC heap before
{Heap before GC invocations=34 (full 0):
 garbage-first heap   total 159744K, used 121453K [0x0000000704400000, 0x0000000800000000)
  region size 2048K, 41 young (83968K), 2 survivors (4096K)
 Metaspace       used 86048K, committed 86656K, reserved 1179648K
  class space    used 10978K, committed 11264K, reserved 1048576K
}
Event: 38.122 GC heap after
{Heap after GC invocations=35 (full 0):
 garbage-first heap   total 159744K, used 41602K [0x0000000704400000, 0x0000000800000000)
  region size 2048K, 2 young (4096K), 2 survivors (4096K)
 Metaspace       used 86048K, committed 86656K, reserved 1179648K
  class space    used 10978K, committed 11264K, reserved 1048576K
}
Event: 40.526 GC heap before
{Heap before GC invocations=35 (full 0):
 garbage-first heap   total 159744K, used 133762K [0x0000000704400000, 0x0000000800000000)
  region size 2048K, 45 young (92160K), 2 survivors (4096K)
 Metaspace       used 92030K, committed 92864K, reserved 1179648K
  class space    used 11695K, committed 12096K, reserved 1048576K
}
Event: 40.532 GC heap after
{Heap after GC invocations=36 (full 0):
 garbage-first heap   total 159744K, used 49161K [0x0000000704400000, 0x0000000800000000)
  region size 2048K, 6 young (12288K), 6 survivors (12288K)
 Metaspace       used 92030K, committed 92864K, reserved 1179648K
  class space    used 11695K, committed 12096K, reserved 1048576K
}

